Array
(
    [DOCUMENT_ROOT] => D:\jeff\BERKAS PENTING\website profil\jefri
    [REMOTE_ADDR] => ::1
    [REMOTE_PORT] => 64104
    [SERVER_SOFTWARE] => PHP 8.2.12 Development Server
    [SERVER_PROTOCOL] => HTTP/1.1
    [SERVER_NAME] => localhost
    [SERVER_PORT] => 8000
    [REQUEST_URI] => /admin
    [REQUEST_METHOD] => GET
    [SCRIPT_NAME] => /admin/index.php
    [SCRIPT_FILENAME] => D:\jeff\BERKAS PENTING\website profil\jefri\admin\index.php
    [PHP_SELF] => /admin/index.php
    [HTTP_HOST] => localhost:8000
    [HTTP_CONNECTION] => keep-alive
    [HTTP_SEC_CH_UA] => "Not:A-Brand";v="99", "Google Chrome";v="145", "Chromium";v="145"
    [HTTP_SEC_CH_UA_MOBILE] => ?0
    [HTTP_SEC_CH_UA_PLATFORM] => "Windows"
    [HTTP_UPGRADE_INSECURE_REQUESTS] => 1
    [HTTP_USER_AGENT] => Mozilla/5.0 (Windows NT 10.0; Win64; x64) AppleWebKit/537.36 (KHTML, like Gecko) Chrome/145.0.0.0 Safari/537.36
    [HTTP_ACCEPT] => text/html,application/xhtml+xml,application/xml;q=0.9,image/avif,image/webp,image/apng,*/*;q=0.8,application/signed-exchange;v=b3;q=0.7
    [HTTP_SEC_FETCH_SITE] => none
    [HTTP_SEC_FETCH_MODE] => navigate
    [HTTP_SEC_FETCH_USER] => ?1
    [HTTP_SEC_FETCH_DEST] => document
    [HTTP_ACCEPT_ENCODING] => gzip, deflate, br, zstd
    [HTTP_ACCEPT_LANGUAGE] => en-US,en;q=0.9,id;q=0.8,zh-CN;q=0.7,zh;q=0.6
    [HTTP_COOKIE] => PHPSESSID=i0beoqtig0vs7j8t0uc976697q
    [REQUEST_TIME_FLOAT] => 1771686336.1578
    [REQUEST_TIME] => 1771686336
)
